<?xml version="1.0" encoding="UTF-8"?>
<!-- Generated by org.testng.reporters.JUnitReportReporter -->
<testsuite hostname="ndi-lap-735" failures="0" tests="1" name="tests.zapTest" time="56.666" errors="0" timestamp="20 Sep 2019 09:14:23 GMT" skipped="0">
  <testcase classname="tests.zapTest" name="noResultFound" time="56.666"/>
</testsuite> <!-- tests.zapTest -->
