<?xml version="1.0" encoding="UTF-8"?>
<!-- Generated by org.testng.reporters.JUnitReportReporter -->
<testsuite hostname="ndi-lap-735" failures="0" tests="1" name="tests.Test1" time="0.004" errors="0" timestamp="08 Jan 2019 19:53:02 GMT" skipped="0">
  <testcase classname="tests.Test1" name="test1" time="0.004"/>
</testsuite> <!-- tests.Test1 -->
